{
  "RSpec": {
    "coverage": {
      "/Users/ramyagotika/fall_2024/csce_606/team-formation/app/helpers/application_helper.rb": {
        "lines": [
          1,
          1,
          0,
          0,
          0,
          0,
          0,
          null,
          null,
          null
        ]
      },
      "/Users/ramyagotika/fall_2024/csce_606/team-formation/app/helpers/attributes_helper.rb": {
        "lines": [
          1,
          null
        ]
      },
      "/Users/ramyagotika/fall_2024/csce_606/team-formation/app/helpers/forms_helper.rb": {
        "lines": [
          1,
          1,
          6,
          0,
          0,
          null,
          null,
          6,
          6,
          6,
          null,
          6,
          1,
          1,
          null,
          null,
          5,
          null,
          null,
          1,
          6,
          null,
          6,
          null,
          null,
          5,
          1,
          1,
          null,
          null,
          null,
          4,
          4,
          1,
          1,
          null,
          null,
          null,
          3,
          3,
          1,
          1,
          null,
          null,
          2,
          1,
          1,
          null,
          null,
          null,
          1,
          null,
          null,
          null,
          null,
          1,
          4,
          null,
          null,
          1,
          2,
          null,
          null
        ]
      },
      "/Users/ramyagotika/fall_2024/csce_606/team-formation/app/helpers/welcome_helper.rb": {
        "lines": [
          1,
          null
        ]
      },
      "/Users/ramyagotika/fall_2024/csce_606/team-formation/app/controllers/application_controller.rb": {
        "lines": [
          null,
          null,
          1,
          null,
          1,
          1,
          null,
          1,
          null,
          null,
          1,
          null,
          3,
          null,
          null,
          null,
          null,
          1,
          null,
          null,
          71,
          null,
          null,
          null,
          1,
          72,
          null,
          null,
          2,
          null,
          null,
          null
        ]
      },
      "/Users/ramyagotika/fall_2024/csce_606/team-formation/app/controllers/attributes_controller.rb": {
        "lines": [
          null,
          1,
          null,
          1,
          null,
          1,
          null,
          null,
          null,
          1,
          null,
          6,
          null,
          6,
          null,
          6,
          null,
          3,
          null,
          null,
          3,
          null,
          null,
          null,
          1,
          6,
          3,
          null,
          3,
          3,
          null,
          null,
          null,
          null,
          null,
          null,
          1,
          4,
          null,
          3,
          null,
          null,
          1,
          null,
          null,
          null,
          1,
          null,
          null,
          null,
          1,
          null,
          22,
          null,
          null,
          2,
          2,
          null,
          null,
          null,
          null,
          1,
          null,
          14,
          null,
          null,
          4,
          4,
          null,
          null,
          null,
          null,
          1,
          6,
          null,
          null,
          1,
          9,
          9,
          9,
          9,
          3,
          null,
          null,
          null,
          null,
          null
        ]
      },
      "/Users/ramyagotika/fall_2024/csce_606/team-formation/app/controllers/forms_controller.rb": {
        "lines": [
          null,
          null,
          null,
          1,
          1,
          1,
          null,
          null,
          1,
          null,
          null,
          1,
          null,
          2,
          null,
          null,
          null,
          null,
          1,
          null,
          null,
          null,
          null,
          null,
          1,
          null,
          2,
          null,
          null,
          null,
          null,
          1,
          null,
          null,
          3,
          null,
          null,
          null,
          null,
          1,
          null,
          8,
          null,
          8,
          null,
          4,
          null,
          null,
          4,
          4,
          null,
          null,
          null,
          null,
          null,
          1,
          null,
          6,
          null,
          6,
          null,
          4,
          4,
          null,
          null,
          2,
          2,
          null,
          null,
          null,
          null,
          1,
          1,
          1,
          null,
          null,
          null,
          null,
          1,
          2,
          2,
          null,
          null,
          2,
          null,
          null,
          2,
          2,
          2,
          2,
          null,
          null,
          2,
          null,
          1,
          null,
          1,
          null,
          null,
          null,
          null,
          1,
          null,
          null,
          1,
          8,
          7,
          null,
          null,
          7,
          7,
          null,
          7,
          1,
          1,
          null,
          null,
          6,
          6,
          6,
          null,
          6,
          1,
          1,
          null,
          null,
          5,
          5,
          5,
          null,
          5,
          1,
          1,
          null,
          null,
          4,
          4,
          1,
          1,
          null,
          null,
          3,
          3,
          1,
          1,
          null,
          null,
          2,
          1,
          1,
          null,
          1,
          null,
          null,
          null,
          null,
          null,
          1,
          1,
          null,
          null,
          0,
          null,
          null,
          1,
          null,
          null,
          2,
          null,
          null,
          null,
          null,
          null,
          null,
          null,
          null,
          null,
          null,
          null,
          1,
          2,
          null,
          2,
          null,
          4,
          2,
          null,
          null,
          null,
          null,
          1,
          4,
          null,
          2,
          null,
          2,
          null,
          null,
          null,
          1,
          null,
          null,
          1,
          17,
          null,
          null,
          null,
          null,
          1,
          8,
          null,
          null,
          null,
          4,
          null,
          null,
          1,
          4,
          null,
          null
        ]
      },
      "/Users/ramyagotika/fall_2024/csce_606/team-formation/app/controllers/sessions_controller.rb": {
        "lines": [
          1,
          1,
          null,
          null,
          1,
          1,
          1,
          null,
          null,
          null,
          1,
          2,
          null,
          2,
          null,
          2,
          1,
          1,
          null,
          null,
          1,
          null,
          null,
          null
        ]
      },
      "/Users/ramyagotika/fall_2024/csce_606/team-formation/app/controllers/users_controller.rb": {
        "lines": [
          null,
          null,
          1,
          null,
          null,
          1,
          null,
          null,
          4,
          null,
          null,
          null
        ]
      },
      "/Users/ramyagotika/fall_2024/csce_606/team-formation/app/controllers/welcome_controller.rb": {
        "lines": [
          1,
          1,
          1,
          2,
          2,
          null,
          null,
          null,
          null,
          null,
          null
        ]
      },
      "/Users/ramyagotika/fall_2024/csce_606/team-formation/app/models/attribute.rb": {
        "lines": [
          null,
          1,
          null,
          null,
          1,
          null,
          null,
          null,
          1,
          null,
          null,
          null,
          null,
          null,
          1,
          null,
          1,
          null,
          null,
          null,
          null,
          null,
          41,
          null,
          null,
          41,
          null,
          1,
          null,
          null,
          null,
          1,
          null,
          4,
          null,
          3,
          1,
          null,
          null,
          null,
          null,
          null,
          null,
          1,
          null,
          4,
          null,
          null,
          3,
          1,
          null,
          null,
          null,
          null
        ]
      },
      "/Users/ramyagotika/fall_2024/csce_606/team-formation/app/models/application_record.rb": {
        "lines": [
          1,
          1,
          null
        ]
      },
      "/Users/ramyagotika/fall_2024/csce_606/team-formation/app/models/user.rb": {
        "lines": [
          1,
          1,
          1,
          null
        ]
      },
      "/Users/ramyagotika/fall_2024/csce_606/team-formation/app/models/form.rb": {
        "lines": [
          null,
          null,
          1,
          null,
          null,
          null,
          null,
          1,
          null,
          null,
          null,
          null,
          1,
          null,
          null,
          null,
          1,
          null,
          null,
          null,
          null,
          null,
          1,
          null,
          null,
          1,
          null,
          1,
          null,
          1,
          null,
          1,
          88,
          2,
          null,
          null,
          null
        ]
      },
      "/Users/ramyagotika/fall_2024/csce_606/team-formation/app/channels/application_cable/channel.rb": {
        "lines": [
          0,
          0,
          0,
          0
        ],
        "branches": {
        }
      },
      "/Users/ramyagotika/fall_2024/csce_606/team-formation/app/channels/application_cable/connection.rb": {
        "lines": [
          0,
          0,
          0,
          0
        ],
        "branches": {
        }
      },
      "/Users/ramyagotika/fall_2024/csce_606/team-formation/app/jobs/application_job.rb": {
        "lines": [
          0,
          null,
          null,
          null,
          null,
          null,
          0
        ],
        "branches": {
        }
      },
      "/Users/ramyagotika/fall_2024/csce_606/team-formation/app/mailers/application_mailer.rb": {
        "lines": [
          0,
          0,
          0,
          0
        ],
        "branches": {
        }
      }
    },
    "timestamp": 1728096722
  }
}
